<?xml version="1.0" encoding="UTF-8"?>
<testsuite name="Cucumber" time="75.147" tests="3" skipped="0" failures="1" errors="0">
<testcase classname="Login" name="Successful Login with Valid Credentials" time="34.521">
<system-out><![CDATA[
Given User Launch Chrome browser............................................passed
When User opens URL "http://admin-demo.nopcommerce.com/login"...............passed
And User enters Email as "admin@yourstore.com" and Password as "admin"......passed
And Click on Login..........................................................passed
Then Page Title should be "Dashboard / nopCommerce administration"..........passed
When User click on Log out link.............................................passed
Then Page Title should be "Your store. Login"...............................passed
And close browser...........................................................passed
]]></system-out>
</testcase>
<testcase classname="Login" name="Successful Login with Valid Credentials DDT - Example #1.1" time="27.36">
<system-out><![CDATA[
Given User Launch Chrome browser............................................passed
When User opens URL "http://admin-demo.nopcommerce.com/login"...............passed
And User enters Email as "admin@yourstore.com" and Password as "admin"......passed
And Click on Login..........................................................passed
Then Page Title should be "Dashboard / nopCommerce administration"..........passed
When User click on Log out link.............................................passed
Then Page Title should be "Your store. Login"...............................passed
And close browser...........................................................passed
]]></system-out>
</testcase>
<testcase classname="Login" name="Successful Login with Valid Credentials DDT - Example #1.2" time="12.789">
<failure type="java.lang.AssertionError">
<![CDATA[java.lang.AssertionError
	at org.junit.Assert.fail(Assert.java:87)
	at org.junit.Assert.assertTrue(Assert.java:42)
	at org.junit.Assert.assertTrue(Assert.java:53)
	at StepDef2.stepdefination2.page_title_should_be(stepdefination2.java:59)
	at âœ½.Page Title should be "Dashboard / nopCommerce administration"(file:///C:/Users/prati/eclipse-workspace/MySeleniumPractice/./Featuress/loginMethod.feature:17)
]]>
</failure>
<system-out><![CDATA[
Given User Launch Chrome browser............................................passed
When User opens URL "http://admin-demo.nopcommerce.com/login"...............passed
And User enters Email as "test@yourstore.com" and Password as "admin".......passed
And Click on Login..........................................................passed
Then Page Title should be "Dashboard / nopCommerce administration"..........failed
When User click on Log out link.............................................skipped
Then Page Title should be "Your store. Login"...............................skipped
And close browser...........................................................skipped
]]></system-out>
</testcase>
</testsuite>
